2023-10-18T19:26:30+00:00 CRITICAL Uncaught ArgumentCountError: 6 arguments are required, 1 given in C:\xampp\htdocs\PHP YULI\wordpress\wp-content\plugins\astra-sites\inc\classes\class-astra-sites.php:2691
Stack trace:
#0 C:\xampp\htdocs\PHP YULI\wordpress\wp-content\plugins\astra-sites\inc\classes\class-astra-sites.php(2691): sprintf('<div class="not...')
#1 C:\xampp\htdocs\PHP YULI\wordpress\wp-includes\class-wp-hook.php(308): Astra_Sites->admin_welcome_notices('')
#2 C:\xampp\htdocs\PHP YULI\wordpress\wp-includes\class-wp-hook.php(332): WP_Hook->apply_filters(NULL, Array)
#3 C:\xampp\htdocs\PHP YULI\wordpress\wp-includes\plugin.php(517): WP_Hook->do_action(Array)
#4 C:\xampp\htdocs\PHP YULI\wordpress\wp-admin\admin-header.php(303): do_action('admin_notices')
#5 C:\xampp\htdocs\PHP YULI\wordpress\wp-admin\index.php(137): require_once('C:\\xampp\\htdocs...')
#6 {main}
  thrown in C:\xampp\htdocs\PHP YULI\wordpress\wp-content\plugins\astra-sites\inc\classes\class-astra-sites.php on line 2691

2023-10-18T19:26:32+00:00 CRITICAL Uncaught ArgumentCountError: 6 arguments are required, 1 given in C:\xampp\htdocs\PHP YULI\wordpress\wp-content\plugins\astra-sites\inc\classes\class-astra-sites.php:2691
Stack trace:
#0 C:\xampp\htdocs\PHP YULI\wordpress\wp-content\plugins\astra-sites\inc\classes\class-astra-sites.php(2691): sprintf('<div class="not...')
#1 C:\xampp\htdocs\PHP YULI\wordpress\wp-includes\class-wp-hook.php(308): Astra_Sites->admin_welcome_notices('')
#2 C:\xampp\htdocs\PHP YULI\wordpress\wp-includes\class-wp-hook.php(332): WP_Hook->apply_filters(NULL, Array)
#3 C:\xampp\htdocs\PHP YULI\wordpress\wp-includes\plugin.php(517): WP_Hook->do_action(Array)
#4 C:\xampp\htdocs\PHP YULI\wordpress\wp-admin\admin-header.php(303): do_action('admin_notices')
#5 C:\xampp\htdocs\PHP YULI\wordpress\wp-admin\index.php(137): require_once('C:\\xampp\\htdocs...')
#6 {main}
  thrown in C:\xampp\htdocs\PHP YULI\wordpress\wp-content\plugins\astra-sites\inc\classes\class-astra-sites.php on line 2691

2023-10-18T20:40:03+00:00 CRITICAL Uncaught ArgumentCountError: 6 arguments are required, 1 given in C:\xampp\htdocs\PHP YULI\wordpress\wp-content\plugins\astra-sites\inc\classes\class-astra-sites.php:2691
Stack trace:
#0 C:\xampp\htdocs\PHP YULI\wordpress\wp-content\plugins\astra-sites\inc\classes\class-astra-sites.php(2691): sprintf('<div class="not...')
#1 C:\xampp\htdocs\PHP YULI\wordpress\wp-includes\class-wp-hook.php(308): Astra_Sites->admin_welcome_notices('')
#2 C:\xampp\htdocs\PHP YULI\wordpress\wp-includes\class-wp-hook.php(332): WP_Hook->apply_filters(NULL, Array)
#3 C:\xampp\htdocs\PHP YULI\wordpress\wp-includes\plugin.php(517): WP_Hook->do_action(Array)
#4 C:\xampp\htdocs\PHP YULI\wordpress\wp-admin\admin-header.php(303): do_action('admin_notices')
#5 C:\xampp\htdocs\PHP YULI\wordpress\wp-admin\index.php(137): require_once('C:\\xampp\\htdocs...')
#6 {main}
  thrown in C:\xampp\htdocs\PHP YULI\wordpress\wp-content\plugins\astra-sites\inc\classes\class-astra-sites.php on line 2691

